2022-01-13 13:40:14 INFO  Log4j:10 - Test is Starting...
2022-01-13 13:43:34 INFO  Log4j:10 - Test is Starting...
2022-01-13 13:43:34 INFO  Log4j:20 - Hopi icon görüntülendi
2022-01-13 13:43:34 INFO  Log4j:20 - Ana sayfada giriş yap buttonuna tıklandı
2022-01-13 13:43:35 INFO  Log4j:20 - Giriş yap text kontrolü
2022-01-13 20:22:12 INFO  Log4j:10 - Test is Starting...
2022-01-13 20:22:12 INFO  Log4j:20 - Hopi icon görüntülendi
2022-01-13 20:22:12 INFO  Log4j:20 - Ana sayfada giriş yap buttonuna tıklandı
2022-01-13 20:22:14 INFO  Log4j:20 - Giriş yap text kontrolü
2022-01-13 21:05:30 INFO  Log4j:10 - Test is Starting...
2022-01-13 21:05:30 INFO  Log4j:20 - Hopi icon görüntülendi
2022-01-13 21:05:30 INFO  Log4j:20 - Ana sayfada giriş yap buttonuna tıklandı
2022-01-13 21:05:32 INFO  Log4j:20 - Giriş yap text kontrolü
2022-01-13 21:23:09 INFO  Log4j:10 - Test is Starting...
2022-01-13 21:23:09 INFO  Log4j:20 - Hopi icon görüntülendi
2022-01-13 21:23:09 INFO  Log4j:20 - Ana sayfada giriş yap buttonuna tıklandı
2022-01-13 21:23:10 INFO  Log4j:20 - Giriş yap text kontrolü
2022-01-13 21:31:56 INFO  Log4j:10 - Test is Starting...
2022-01-13 21:31:56 INFO  Log4j:20 - Hopi icon görüntülendi
2022-01-13 21:31:57 INFO  Log4j:20 - Ana sayfada giriş yap buttonuna tıklandı
2022-01-13 21:31:58 INFO  Log4j:20 - Giriş yap text kontrolü
2022-01-13 21:50:29 INFO  Log4j:10 - Test is Starting...
2022-01-13 21:50:29 INFO  Log4j:20 - Hopi icon görüntülendi
2022-01-13 21:50:29 INFO  Log4j:20 - Ana sayfada giriş yap buttonuna tıklandı
2022-01-13 21:50:31 INFO  Log4j:20 - Giriş yap text kontrolü
2022-01-14 02:26:54 INFO  Log4j:10 - Test is Starting...
2022-01-14 02:26:54 INFO  Log4j:20 - Hopi icon görüntülendi
2022-01-14 02:26:54 INFO  Log4j:20 - Ana sayfada giriş yap buttonuna tıklandı
2022-01-14 02:26:55 INFO  Log4j:20 - Giriş yap text kontrolü
2022-01-14 02:32:19 INFO  Log4j:10 - Test is Starting...
2022-01-14 02:32:19 INFO  Log4j:20 - Hopi icon görüntülendi
2022-01-14 02:32:19 INFO  Log4j:20 - Ana sayfada giriş yap buttonuna tıklandı
2022-01-14 02:32:20 INFO  Log4j:20 - Giriş yap text kontrolü
2022-01-14 03:03:49 INFO  Log4j:10 - Test is Starting...
2022-01-14 03:03:49 INFO  Log4j:20 - Hopi icon görüntülendi
2022-01-14 03:03:49 INFO  Log4j:20 - Ana sayfada giriş yap buttonuna tıklandı
2022-01-14 03:03:52 INFO  Log4j:20 - Giriş yap text kontrolü
2022-01-14 03:09:10 INFO  Log4j:10 - Test is Starting...
2022-01-14 03:09:10 INFO  Log4j:20 - Hopi icon görüntülendi
2022-01-14 03:09:11 INFO  Log4j:20 - Ana sayfada giriş yap buttonuna tıklandı
2022-01-14 03:09:12 INFO  Log4j:20 - Giriş yap text kontrolü
2022-01-14 03:15:50 INFO  Log4j:10 - Test is Starting...
2022-01-14 03:15:50 INFO  Log4j:20 - Hopi icon görüntülendi
2022-01-14 03:15:50 INFO  Log4j:20 - Ana sayfada giriş yap buttonuna tıklandı
2022-01-14 03:15:52 INFO  Log4j:20 - Giriş yap text kontrolü
2022-01-14 03:17:49 INFO  Log4j:10 - Test is Starting...
2022-01-14 03:17:49 INFO  Log4j:20 - Hopi icon görüntülendi
2022-01-14 03:17:49 INFO  Log4j:20 - Ana sayfada giriş yap buttonuna tıklandı
2022-01-14 03:17:50 INFO  Log4j:20 - Giriş yap text kontrolü
2022-01-14 15:21:58 INFO  Log4j:10 - Test is Starting...
2022-01-14 15:21:58 INFO  Log4j:20 - Hopi icon görüntülendi
2022-01-14 15:21:59 INFO  Log4j:20 - Ana sayfada giriş yap buttonuna tıklandı
2022-01-14 15:23:47 INFO  Log4j:10 - Test is Starting...
2022-01-14 15:23:47 INFO  Log4j:20 - Hopi icon görüntülendi
2022-01-14 15:23:47 INFO  Log4j:20 - Ana sayfada giriş yap buttonuna tıklandı
2022-01-14 15:51:30 INFO  Log4j:11 - Test is Starting...
2022-01-14 15:51:30 INFO  Log4j:21 - Hopi icon görüntülendi
2022-01-14 15:51:30 INFO  Log4j:21 - Ana sayfada giriş yap buttonuna tıklandı
2022-01-14 15:53:27 INFO  Log4j:11 - Test is Starting...
2022-01-14 15:53:27 INFO  Log4j:21 - Hopi icon görüntülendi
2022-01-14 15:53:27 INFO  Log4j:21 - Ana sayfada giriş yap buttonuna tıklandı
2022-01-14 15:54:19 INFO  Log4j:11 - Test is Starting...
2022-01-14 15:54:19 INFO  Log4j:21 - Hopi icon görüntülendi
2022-01-14 15:54:19 INFO  Log4j:21 - Ana sayfada giriş yap buttonuna tıklandı
2022-01-20 13:43:32 INFO  Log4j:11 - Test is Starting...
2022-01-20 13:43:32 INFO  Log4j:21 - Hopi icon görüntülendi
2022-01-20 13:48:08 INFO  Log4j:11 - Test is Starting...
2022-01-20 13:48:08 INFO  Log4j:21 - Hopi icon görüntülendi
2022-01-20 13:48:08 INFO  Log4j:21 - Ana sayfada giriş yap buttonuna tıklandı
2022-01-20 13:48:09 INFO  Log4j:21 - Giriş yap text kontrolü
2022-01-21 08:02:46 INFO  Log4j:11 - Test is Starting...
2022-01-21 08:02:46 INFO  Log4j:21 - Hopi icon görüntülendi
2022-01-21 08:02:46 INFO  Log4j:21 - Ana sayfada giriş yap buttonuna tıklandı
2022-01-21 08:02:47 INFO  Log4j:21 - Giriş yap text kontrolü
2022-01-27 15:21:23 INFO  Log4j:11 - Test is Starting...
2022-01-27 15:21:23 INFO  Log4j:21 - Hopi icon görüntülendi
2022-01-27 15:23:53 INFO  Log4j:11 - Test is Starting...
2022-01-27 15:23:53 INFO  Log4j:21 - Hopi icon görüntülendi
2022-01-27 15:25:44 INFO  Log4j:11 - Test is Starting...
2022-01-27 15:25:44 INFO  Log4j:21 - Hopi icon görüntülendi
2022-01-27 15:25:44 INFO  Log4j:21 - Ana sayfada giriş yap buttonuna tıklandı
2022-01-27 15:25:45 INFO  Log4j:21 - Giriş yap text kontrolü
2022-01-28 01:01:48 INFO  Log4j:11 - Test is Starting...
2022-01-28 01:01:48 INFO  Log4j:21 - Hopi icon görüntülendi
2022-01-28 01:01:48 INFO  Log4j:21 - Ana sayfada giriş yap buttonuna tıklandı
2022-01-28 01:01:50 INFO  Log4j:21 - Giriş yap text kontrolü
2022-01-28 01:02:43 INFO  Log4j:11 - Test is Starting...
2022-01-28 01:02:43 INFO  Log4j:21 - Hopi icon görüntülendi
2022-01-28 01:02:43 INFO  Log4j:21 - Ana sayfada giriş yap buttonuna tıklandı
2022-01-28 01:02:45 INFO  Log4j:21 - Giriş yap text kontrolü
2022-01-28 01:13:32 INFO  Log4j:11 - Test is Starting...
2022-01-28 01:13:32 INFO  Log4j:21 - Hopi icon görüntülendi
2022-01-28 01:17:09 INFO  Log4j:11 - Test is Starting...
2022-01-28 01:17:09 INFO  Log4j:21 - Hopi icon görüntülendi
2022-01-28 01:18:36 INFO  Log4j:11 - Test is Starting...
2022-01-28 01:18:36 INFO  Log4j:21 - Hopi icon görüntülendi
2022-01-28 01:20:58 INFO  Log4j:11 - Test is Starting...
2022-01-28 01:20:58 INFO  Log4j:21 - Hopi icon görüntülendi
2022-01-28 01:20:58 INFO  Log4j:21 - Ana sayfada giriş yap buttonuna tıklandı
2022-01-28 01:21:00 INFO  Log4j:21 - Giriş yap text kontrolü
2022-01-28 01:22:33 INFO  Log4j:11 - Test is Starting...
2022-01-28 01:22:33 INFO  Log4j:21 - Hopi icon görüntülendi
2022-01-28 01:22:33 INFO  Log4j:21 - Ana sayfada giriş yap buttonuna tıklandı
2022-01-28 01:22:34 INFO  Log4j:21 - Giriş yap text kontrolü
2022-01-28 09:33:54 INFO  Log4j:11 - Test is Starting...
2022-01-28 09:33:54 INFO  Log4j:21 - Hopi icon görüntülendi
2022-01-28 09:33:55 INFO  Log4j:21 - Ana sayfada giriş yap buttonuna tıklandı
2022-01-28 09:33:56 INFO  Log4j:21 - Giriş yap text kontrolü
2022-02-01 10:23:52 INFO  Log4j:11 - Test is Starting...
2022-02-01 10:23:52 INFO  Log4j:21 - Hopi icon görüntülendi
2022-02-01 10:23:54 INFO  Log4j:21 - Ana sayfada giriş yap buttonuna tıklandı
2022-02-01 10:23:55 INFO  Log4j:21 - Giriş yap text kontrolü
2022-02-01 10:38:47 INFO  Log4j:11 - Test is Starting...
2022-02-01 10:38:47 INFO  Log4j:21 - Hopi icon görüntülendi
2022-02-01 10:38:48 INFO  Log4j:21 - Ana sayfada giriş yap buttonuna tıklandı
2022-02-01 10:38:49 INFO  Log4j:21 - Giriş yap text kontrolü
2022-02-01 16:23:42 INFO  Log4j:11 - Test is Starting...
2022-02-01 16:23:42 INFO  Log4j:21 - Hopi icon görüntülendi
2022-02-01 16:23:43 INFO  Log4j:21 - Ana sayfada giriş yap buttonuna tıklandı
2022-02-01 16:23:44 INFO  Log4j:21 - Giriş yap text kontrolü
2022-02-01 16:23:54 INFO  Log4j:11 - Test is Starting...
2022-02-01 16:23:54 INFO  Log4j:21 - Hopi icon görüntülendi
2022-02-01 16:23:54 INFO  Log4j:21 - Ana sayfada giriş yap buttonuna tıklandı
2022-02-01 16:23:55 INFO  Log4j:21 - Giriş yap text kontrolü
2022-02-01 17:05:49 INFO  Log4j:11 - Test is Starting...
2022-02-01 17:05:49 INFO  Log4j:21 - Hopi icon görüntülendi
2022-02-01 17:05:50 INFO  Log4j:21 - Ana sayfada giriş yap buttonuna tıklandı
2022-02-01 17:05:51 INFO  Log4j:21 - Giriş yap text kontrolü
2022-02-01 17:06:00 INFO  Log4j:11 - Test is Starting...
2022-02-01 17:06:00 INFO  Log4j:21 - Hopi icon görüntülendi
2022-02-01 17:06:01 INFO  Log4j:21 - Ana sayfada giriş yap buttonuna tıklandı
2022-02-01 17:06:01 INFO  Log4j:21 - Giriş yap text kontrolü
2022-02-01 17:10:50 INFO  Log4j:11 - Test is Starting...
2022-02-01 17:10:50 INFO  Log4j:21 - Hopi icon görüntülendi
2022-02-01 17:10:51 INFO  Log4j:21 - Ana sayfada giriş yap buttonuna tıklandı
2022-02-01 17:10:52 INFO  Log4j:21 - Giriş yap text kontrolü
2022-02-01 17:10:59 INFO  Log4j:11 - Test is Starting...
2022-02-01 17:10:59 INFO  Log4j:21 - Hopi icon görüntülendi
2022-02-01 17:11:00 INFO  Log4j:21 - Ana sayfada giriş yap buttonuna tıklandı
2022-02-01 17:11:00 INFO  Log4j:21 - Giriş yap text kontrolü
2022-02-03 16:52:50 INFO  Log4j:11 - Test is Starting...
2022-02-03 16:52:50 INFO  Log4j:21 - Hopi icon görüntülendi
2022-02-03 16:52:51 INFO  Log4j:21 - Ana sayfada giriş yap buttonuna tıklandı
2022-02-03 16:52:52 INFO  Log4j:21 - Giriş yap text kontrolü
2022-02-03 16:52:59 INFO  Log4j:11 - Test is Starting...
2022-02-03 16:52:59 INFO  Log4j:21 - Hopi icon görüntülendi
2022-02-03 16:53:00 INFO  Log4j:21 - Ana sayfada giriş yap buttonuna tıklandı
2022-02-03 16:53:00 INFO  Log4j:21 - Giriş yap text kontrolü
2022-02-03 16:53:38 INFO  Log4j:11 - Test is Starting...
2022-02-03 16:53:38 INFO  Log4j:21 - Hopi icon görüntülendi
2022-02-03 16:53:39 INFO  Log4j:21 - Ana sayfada giriş yap buttonuna tıklandı
2022-02-03 16:53:40 INFO  Log4j:21 - Giriş yap text kontrolü
2022-02-03 16:53:52 INFO  Log4j:11 - Test is Starting...
2022-02-03 16:53:52 INFO  Log4j:21 - Hopi icon görüntülendi
2022-02-03 16:53:53 INFO  Log4j:21 - Ana sayfada giriş yap buttonuna tıklandı
2022-02-03 16:53:53 INFO  Log4j:21 - Giriş yap text kontrolü
2022-02-11 14:34:23 INFO  Log4j:11 - Test is Starting...
2022-02-11 14:34:23 INFO  Log4j:21 - Hopi icon görüntülendi
2022-02-11 14:34:23 INFO  Log4j:21 - Ana sayfada giriş yap buttonuna tıklandı
2022-02-11 14:34:24 INFO  Log4j:21 - Giriş yap text kontrolü
2022-02-11 14:37:16 INFO  Log4j:11 - Test is Starting...
2022-02-11 14:37:16 INFO  Log4j:21 - Hopi icon görüntülendi
2022-02-11 14:37:17 INFO  Log4j:21 - Ana sayfada giriş yap buttonuna tıklandı
2022-02-11 14:38:26 INFO  Log4j:11 - Test is Starting...
2022-02-11 14:38:26 INFO  Log4j:21 - Hopi icon görüntülendi
2022-02-11 14:38:27 INFO  Log4j:21 - Ana sayfada giriş yap buttonuna tıklandı
2022-02-11 14:38:28 INFO  Log4j:21 - Giriş yap text kontrolü
2022-02-11 14:38:34 INFO  Log4j:11 - Test is Starting...
2022-02-11 14:38:34 INFO  Log4j:21 - Hopi icon görüntülendi
2022-02-11 14:38:34 INFO  Log4j:21 - Ana sayfada giriş yap buttonuna tıklandı
2022-02-11 14:38:35 INFO  Log4j:21 - Giriş yap text kontrolü
2022-02-11 15:04:37 INFO  Log4j:11 - Test is Starting...
2022-02-11 15:04:37 INFO  Log4j:21 - Hopi icon görüntülendi
2022-02-11 15:04:38 INFO  Log4j:21 - Ana sayfada giriş yap buttonuna tıklandı
2022-02-11 15:04:39 INFO  Log4j:21 - Giriş yap text kontrolü
2022-02-11 15:04:47 INFO  Log4j:11 - Test is Starting...
2022-02-11 15:04:47 INFO  Log4j:21 - Hopi icon görüntülendi
2022-02-11 15:04:48 INFO  Log4j:21 - Ana sayfada giriş yap buttonuna tıklandı
2022-02-11 15:04:48 INFO  Log4j:21 - Giriş yap text kontrolü
2022-02-11 15:05:49 INFO  Log4j:11 - Test is Starting...
2022-02-11 15:05:49 INFO  Log4j:21 - Hopi icon görüntülendi
2022-02-11 15:05:51 INFO  Log4j:21 - Ana sayfada giriş yap buttonuna tıklandı
2022-02-11 15:05:51 INFO  Log4j:21 - Giriş yap text kontrolü
2022-02-11 15:05:59 INFO  Log4j:11 - Test is Starting...
2022-02-11 15:05:59 INFO  Log4j:21 - Hopi icon görüntülendi
2022-02-11 15:05:59 INFO  Log4j:21 - Ana sayfada giriş yap buttonuna tıklandı
2022-02-11 15:06:00 INFO  Log4j:21 - Giriş yap text kontrolü
2022-02-11 15:08:05 INFO  Log4j:11 - Test is Starting...
2022-02-11 15:08:05 INFO  Log4j:21 - Hopi icon görüntülendi
2022-02-11 15:08:07 INFO  Log4j:21 - Ana sayfada giriş yap buttonuna tıklandı
2022-02-11 15:08:08 INFO  Log4j:21 - Giriş yap text kontrolü
2022-02-11 15:08:16 INFO  Log4j:11 - Test is Starting...
2022-02-11 15:08:16 INFO  Log4j:21 - Hopi icon görüntülendi
2022-02-11 15:08:16 INFO  Log4j:21 - Ana sayfada giriş yap buttonuna tıklandı
2022-02-11 15:28:28 INFO  Log4j:11 - Test is Starting...
2022-02-11 15:28:28 INFO  Log4j:21 - Hopi icon görüntülendi
2022-02-11 15:28:36 INFO  Log4j:11 - Test is Starting...
2022-02-11 15:28:36 INFO  Log4j:21 - Hopi icon görüntülendi
2022-02-11 15:29:49 INFO  Log4j:11 - Test is Starting...
2022-02-11 15:29:49 INFO  Log4j:21 - Hopi icon görüntülendi
2022-02-11 15:29:57 INFO  Log4j:11 - Test is Starting...
2022-02-11 15:29:57 INFO  Log4j:21 - Hopi icon görüntülendi
2022-02-11 15:35:47 INFO  Log4j:11 - Test is Starting...
2022-02-11 15:35:48 INFO  Log4j:21 - Hopi icon görüntülendi
2022-02-11 15:35:49 INFO  Log4j:21 - Ana sayfada giriş yap buttonuna tıklandı
2022-02-11 15:35:50 INFO  Log4j:21 - Giriş yap text kontrolü
2022-02-11 15:35:59 INFO  Log4j:11 - Test is Starting...
2022-02-11 15:35:59 INFO  Log4j:21 - Hopi icon görüntülendi
2022-02-11 15:36:00 INFO  Log4j:21 - Ana sayfada giriş yap buttonuna tıklandı
2022-02-11 15:36:00 INFO  Log4j:21 - Giriş yap text kontrolü
2022-02-11 15:37:22 INFO  Log4j:11 - Test is Starting...
2022-02-11 15:37:22 INFO  Log4j:21 - Hopi icon görüntülendi
2022-02-11 15:37:24 INFO  Log4j:21 - Ana sayfada giriş yap buttonuna tıklandı
2022-02-11 15:37:25 INFO  Log4j:21 - Giriş yap text kontrolü
2022-02-11 15:37:31 INFO  Log4j:11 - Test is Starting...
2022-02-11 15:37:31 INFO  Log4j:21 - Hopi icon görüntülendi
2022-02-11 15:37:32 INFO  Log4j:21 - Ana sayfada giriş yap buttonuna tıklandı
2022-02-11 15:37:32 INFO  Log4j:21 - Giriş yap text kontrolü
2022-02-11 15:47:12 INFO  Log4j:11 - Test is Starting...
2022-02-11 15:47:12 INFO  Log4j:21 - Hopi icon görüntülendi
2022-02-11 15:47:14 INFO  Log4j:21 - Ana sayfada giriş yap buttonuna tıklandı
2022-02-11 15:47:15 INFO  Log4j:21 - Giriş yap text kontrolü
2022-02-11 15:47:21 INFO  Log4j:11 - Test is Starting...
2022-02-11 15:47:21 INFO  Log4j:21 - Hopi icon görüntülendi
2022-02-11 15:47:22 INFO  Log4j:21 - Ana sayfada giriş yap buttonuna tıklandı
2022-02-11 15:47:22 INFO  Log4j:21 - Giriş yap text kontrolü
2022-02-11 15:47:56 INFO  Log4j:11 - Test is Starting...
2022-02-11 15:47:56 INFO  Log4j:21 - Hopi icon görüntülendi
2022-02-11 15:47:58 INFO  Log4j:21 - Ana sayfada giriş yap buttonuna tıklandı
2022-02-11 15:47:59 INFO  Log4j:21 - Giriş yap text kontrolü
2022-02-11 15:48:04 INFO  Log4j:11 - Test is Starting...
2022-02-11 15:48:04 INFO  Log4j:21 - Hopi icon görüntülendi
2022-02-11 15:48:05 INFO  Log4j:21 - Ana sayfada giriş yap buttonuna tıklandı
2022-02-11 15:48:05 INFO  Log4j:21 - Giriş yap text kontrolü
2022-02-13 17:55:23 INFO  Log4j:11 - Test is Starting...
2022-02-13 17:55:23 INFO  Log4j:21 - Hopi icon görüntülendi
2022-02-13 17:55:26 INFO  Log4j:21 - Ana sayfada giriş yap buttonuna tıklandı
2022-02-13 17:55:26 INFO  Log4j:21 - Giriş yap text kontrolü
2022-02-13 17:55:34 INFO  Log4j:11 - Test is Starting...
2022-02-13 17:55:34 INFO  Log4j:21 - Hopi icon görüntülendi
2022-02-13 18:00:11 INFO  Log4j:11 - Test is Starting...
2022-02-13 18:00:11 INFO  Log4j:21 - Hopi icon görüntülendi
2022-02-13 18:00:14 INFO  Log4j:21 - Ana sayfada giriş yap buttonuna tıklandı
2022-02-13 18:00:15 INFO  Log4j:21 - Giriş yap text kontrolü
2022-02-13 18:00:22 INFO  Log4j:11 - Test is Starting...
2022-02-13 18:00:22 INFO  Log4j:21 - Hopi icon görüntülendi
2022-02-13 18:01:26 INFO  Log4j:11 - Test is Starting...
2022-02-13 18:01:26 INFO  Log4j:21 - Hopi icon görüntülendi
2022-02-13 18:01:29 INFO  Log4j:21 - Ana sayfada giriş yap buttonuna tıklandı
2022-02-13 18:01:30 INFO  Log4j:21 - Giriş yap text kontrolü
2022-02-13 18:01:37 INFO  Log4j:11 - Test is Starting...
2022-02-13 18:01:37 INFO  Log4j:21 - Hopi icon görüntülendi
2022-02-13 18:09:40 INFO  Log4j:11 - Test is Starting...
2022-02-13 18:09:40 INFO  Log4j:21 - Hopi icon görüntülendi
2022-02-13 18:09:44 INFO  Log4j:21 - Ana sayfada giriş yap buttonuna tıklandı
2022-02-13 18:09:45 INFO  Log4j:21 - Giriş yap text kontrolü
2022-02-13 18:09:53 INFO  Log4j:11 - Test is Starting...
2022-02-13 18:09:53 INFO  Log4j:21 - Hopi icon görüntülendi
2022-02-13 18:09:55 INFO  Log4j:21 - Ana sayfada giriş yap buttonuna tıklandı
2022-02-13 18:09:55 INFO  Log4j:21 - Giriş yap text kontrolü
2022-02-13 19:29:37 INFO  Log4j:11 - Test is Starting...
2022-02-13 19:29:37 INFO  Log4j:21 - Hopi icon görüntülendi
2022-02-13 19:29:41 INFO  Log4j:21 - Ana sayfada giriş yap buttonuna tıklandı
2022-02-13 19:29:42 INFO  Log4j:21 - Giriş yap text kontrolü
2022-02-13 19:29:48 INFO  Log4j:11 - Test is Starting...
2022-02-13 19:29:48 INFO  Log4j:21 - Hopi icon görüntülendi
2022-02-13 19:29:50 INFO  Log4j:21 - Ana sayfada giriş yap buttonuna tıklandı
2022-02-13 19:29:51 INFO  Log4j:21 - Giriş yap text kontrolü
2022-02-13 21:27:32 INFO  Log4j:11 - Test is Starting...
2022-02-13 21:27:32 INFO  Log4j:21 - Hopi icon görüntülendi
2022-02-13 21:27:37 INFO  Log4j:21 - Ana sayfada giriş yap buttonuna tıklandı
2022-02-13 21:27:38 INFO  Log4j:21 - Giriş yap text kontrolü
2022-02-13 21:27:46 INFO  Log4j:11 - Test is Starting...
2022-02-13 21:27:46 INFO  Log4j:21 - Hopi icon görüntülendi
2022-02-13 21:27:49 INFO  Log4j:21 - Ana sayfada giriş yap buttonuna tıklandı
2022-02-13 21:27:49 INFO  Log4j:21 - Giriş yap text kontrolü
2022-02-13 21:53:21 INFO  Log4j:11 - Test is Starting...
2022-02-13 21:53:21 INFO  Log4j:21 - Hopi icon görüntülendi
2022-02-13 21:53:31 INFO  Log4j:11 - Test is Starting...
2022-02-13 21:53:31 INFO  Log4j:21 - Hopi icon görüntülendi
2022-02-13 21:54:28 INFO  Log4j:11 - Test is Starting...
2022-02-13 21:54:28 INFO  Log4j:21 - Hopi icon görüntülendi
2022-02-13 21:56:49 INFO  Log4j:11 - Test is Starting...
2022-02-13 21:56:49 INFO  Log4j:21 - Hopi icon görüntülendi
2022-02-13 21:56:58 INFO  Log4j:11 - Test is Starting...
2022-02-13 21:56:58 INFO  Log4j:21 - Hopi icon görüntülendi
2022-02-14 00:09:36 INFO  Log4j:11 - Test is Starting...
2022-02-14 00:09:36 INFO  Log4j:21 - Hopi icon görüntülendi
2022-02-14 00:09:55 INFO  Log4j:11 - Test is Starting...
2022-02-14 00:09:55 INFO  Log4j:21 - Hopi icon görüntülendi
2022-02-14 00:15:14 INFO  Log4j:11 - Test is Starting...
2022-02-14 00:15:14 INFO  Log4j:21 - Hopi icon görüntülendi
2022-02-14 00:15:18 INFO  Log4j:21 - Ana sayfada giriş yap buttonuna tıklandı
2022-02-14 00:15:19 INFO  Log4j:21 - Giriş yap text kontrolü
2022-02-14 00:15:28 INFO  Log4j:11 - Test is Starting...
2022-02-14 00:15:28 INFO  Log4j:21 - Hopi icon görüntülendi
2022-02-14 00:15:30 INFO  Log4j:21 - Ana sayfada giriş yap buttonuna tıklandı
2022-02-14 00:15:31 INFO  Log4j:21 - Giriş yap text kontrolü
2022-02-14 00:18:20 INFO  Log4j:11 - Test is Starting...
2022-02-14 00:18:20 INFO  Log4j:21 - Hopi icon görüntülendi
2022-02-14 00:18:24 INFO  Log4j:21 - Ana sayfada giriş yap buttonuna tıklandı
2022-02-14 00:18:25 INFO  Log4j:21 - Giriş yap text kontrolü
2022-02-14 00:18:36 INFO  Log4j:11 - Test is Starting...
2022-02-14 00:18:36 INFO  Log4j:21 - Hopi icon görüntülendi
2022-02-14 00:18:38 INFO  Log4j:21 - Ana sayfada giriş yap buttonuna tıklandı
2022-02-14 00:18:39 INFO  Log4j:21 - Giriş yap text kontrolü
2022-02-14 00:23:33 INFO  Log4j:11 - Test is Starting...
2022-02-14 00:23:33 INFO  Log4j:21 - Hopi icon görüntülendi
2022-02-14 00:23:37 INFO  Log4j:21 - Ana sayfada giriş yap buttonuna tıklandı
2022-02-14 00:23:38 INFO  Log4j:21 - Giriş yap text kontrolü
2022-02-14 00:23:50 INFO  Log4j:11 - Test is Starting...
2022-02-14 00:23:50 INFO  Log4j:21 - Hopi icon görüntülendi
2022-02-14 00:23:53 INFO  Log4j:21 - Ana sayfada giriş yap buttonuna tıklandı
2022-02-14 00:23:53 INFO  Log4j:21 - Giriş yap text kontrolü
2022-02-14 00:28:48 INFO  Log4j:11 - Test is Starting...
2022-02-14 00:28:48 INFO  Log4j:21 - Hopi icon görüntülendi
2022-02-14 00:28:52 INFO  Log4j:21 - Ana sayfada giriş yap buttonuna tıklandı
2022-02-14 00:28:53 INFO  Log4j:21 - Giriş yap text kontrolü
2022-02-14 00:29:00 INFO  Log4j:11 - Test is Starting...
2022-02-14 00:29:00 INFO  Log4j:21 - Hopi icon görüntülendi
2022-02-14 00:29:02 INFO  Log4j:21 - Ana sayfada giriş yap buttonuna tıklandı
2022-02-14 00:29:03 INFO  Log4j:21 - Giriş yap text kontrolü
2022-02-14 00:30:03 INFO  Log4j:11 - Test is Starting...
2022-02-14 00:30:03 INFO  Log4j:21 - Hopi icon görüntülendi
2022-02-14 00:30:07 INFO  Log4j:21 - Ana sayfada giriş yap buttonuna tıklandı
2022-02-14 00:30:08 INFO  Log4j:21 - Giriş yap text kontrolü
2022-02-14 00:30:17 INFO  Log4j:11 - Test is Starting...
2022-02-14 00:30:17 INFO  Log4j:21 - Hopi icon görüntülendi
2022-02-14 00:30:19 INFO  Log4j:21 - Ana sayfada giriş yap buttonuna tıklandı
2022-02-14 00:30:20 INFO  Log4j:21 - Giriş yap text kontrolü
2022-02-14 00:34:14 INFO  Log4j:11 - Test is Starting...
2022-02-14 00:34:14 INFO  Log4j:21 - Hopi icon görüntülendi
2022-02-14 00:34:18 INFO  Log4j:21 - Ana sayfada giriş yap buttonuna tıklandı
2022-02-14 00:34:19 INFO  Log4j:21 - Giriş yap text kontrolü
2022-02-14 00:34:27 INFO  Log4j:11 - Test is Starting...
2022-02-14 00:34:27 INFO  Log4j:21 - Hopi icon görüntülendi
2022-02-14 00:34:29 INFO  Log4j:21 - Ana sayfada giriş yap buttonuna tıklandı
2022-02-14 00:34:29 INFO  Log4j:21 - Giriş yap text kontrolü
2022-02-14 01:34:53 INFO  Log4j:11 - Test is Starting...
2022-02-14 01:34:53 INFO  Log4j:21 - Hopi icon görüntülendi
2022-02-14 01:34:57 INFO  Log4j:21 - Ana sayfada giriş yap buttonuna tıklandı
2022-02-14 01:34:58 INFO  Log4j:21 - Giriş yap text kontrolü
2022-02-14 01:35:06 INFO  Log4j:11 - Test is Starting...
2022-02-14 01:35:06 INFO  Log4j:21 - Hopi icon görüntülendi
2022-02-14 01:35:09 INFO  Log4j:21 - Ana sayfada giriş yap buttonuna tıklandı
2022-02-14 01:35:09 INFO  Log4j:21 - Giriş yap text kontrolü
2022-02-14 01:51:01 INFO  Log4j:11 - Test is Starting...
2022-02-14 01:51:01 INFO  Log4j:21 - Hopi icon görüntülendi
2022-02-14 01:51:05 INFO  Log4j:21 - Ana sayfada giriş yap buttonuna tıklandı
2022-02-14 01:51:06 INFO  Log4j:21 - Giriş yap text kontrolü
2022-02-14 01:51:15 INFO  Log4j:11 - Test is Starting...
2022-02-14 01:51:15 INFO  Log4j:21 - Hopi icon görüntülendi
2022-02-14 01:51:18 INFO  Log4j:21 - Ana sayfada giriş yap buttonuna tıklandı
2022-02-14 01:51:18 INFO  Log4j:21 - Giriş yap text kontrolü
2022-02-14 01:54:46 INFO  Log4j:11 - Test is Starting...
2022-02-14 01:54:46 INFO  Log4j:21 - Hopi icon görüntülendi
2022-02-14 01:54:50 INFO  Log4j:21 - Ana sayfada giriş yap buttonuna tıklandı
2022-02-14 01:54:51 INFO  Log4j:21 - Giriş yap text kontrolü
2022-02-14 01:55:00 INFO  Log4j:11 - Test is Starting...
2022-02-14 01:55:00 INFO  Log4j:21 - Hopi icon görüntülendi
2022-02-14 01:55:03 INFO  Log4j:21 - Ana sayfada giriş yap buttonuna tıklandı
2022-02-14 01:55:03 INFO  Log4j:21 - Giriş yap text kontrolü
2022-02-19 18:18:35 INFO  Log4j:11 - Test is Starting...
2022-02-19 18:18:35 INFO  Log4j:21 - Hopi icon görüntülendi
2022-02-19 18:18:38 INFO  Log4j:21 - Ana sayfada giriş yap buttonuna tıklandı
2022-02-19 18:18:38 INFO  Log4j:21 - Giriş yap text kontrolü
2022-02-19 18:19:26 INFO  Log4j:11 - Test is Starting...
2022-02-19 18:19:26 INFO  Log4j:21 - Hopi icon görüntülendi
2022-02-19 18:19:29 INFO  Log4j:21 - Ana sayfada giriş yap buttonuna tıklandı
2022-02-19 18:19:29 INFO  Log4j:21 - Giriş yap text kontrolü
2022-02-19 18:26:38 INFO  Log4j:11 - Test is Starting...
2022-02-19 18:26:38 INFO  Log4j:21 - Hopi icon görüntülendi
2022-02-19 18:26:40 INFO  Log4j:21 - Ana sayfada giriş yap buttonuna tıklandı
2022-02-19 18:26:41 INFO  Log4j:21 - Giriş yap text kontrolü
2022-02-19 18:28:19 INFO  Log4j:11 - Test is Starting...
2022-02-19 18:28:19 INFO  Log4j:21 - Hopi icon görüntülendi
2022-02-19 18:28:22 INFO  Log4j:21 - Ana sayfada giriş yap buttonuna tıklandı
2022-02-19 18:28:22 INFO  Log4j:21 - Giriş yap text kontrolü
2022-02-19 18:29:03 INFO  Log4j:11 - Test is Starting...
2022-02-19 18:29:03 INFO  Log4j:21 - Hopi icon görüntülendi
2022-02-19 18:29:06 INFO  Log4j:21 - Ana sayfada giriş yap buttonuna tıklandı
2022-02-19 18:29:06 INFO  Log4j:21 - Giriş yap text kontrolü
2022-02-19 19:23:42 INFO  Log4j:11 - Test is Starting...
2022-02-19 19:23:42 INFO  Log4j:21 - Hopi icon görüntülendi
2022-02-19 19:23:46 INFO  Log4j:21 - Ana sayfada giriş yap buttonuna tıklandı
2022-02-19 19:23:47 INFO  Log4j:21 - Giriş yap text kontrolü
2022-02-19 19:23:53 INFO  Log4j:11 - Test is Starting...
2022-02-19 19:23:53 INFO  Log4j:21 - Hopi icon görüntülendi
2022-02-19 19:23:56 INFO  Log4j:21 - Ana sayfada giriş yap buttonuna tıklandı
2022-02-19 19:23:56 INFO  Log4j:21 - Giriş yap text kontrolü
2022-02-19 19:52:48 INFO  Log4j:11 - Test is Starting...
2022-02-19 19:52:48 INFO  Log4j:21 - Hopi icon görüntülendi
2022-02-19 19:52:51 INFO  Log4j:21 - Ana sayfada giriş yap buttonuna tıklandı
2022-02-19 19:52:52 INFO  Log4j:21 - Giriş yap text kontrolü
2022-02-19 19:53:00 INFO  Log4j:11 - Test is Starting...
2022-02-19 19:53:00 INFO  Log4j:21 - Hopi icon görüntülendi
2022-02-19 19:53:02 INFO  Log4j:21 - Ana sayfada giriş yap buttonuna tıklandı
2022-02-19 19:53:03 INFO  Log4j:21 - Giriş yap text kontrolü
2022-02-19 19:53:53 INFO  Log4j:11 - Test is Starting...
2022-02-19 19:53:53 INFO  Log4j:21 - Hopi icon görüntülendi
2022-02-19 19:54:17 INFO  Log4j:21 - Ana sayfada giriş yap buttonuna tıklandı
2022-02-19 19:54:17 INFO  Log4j:21 - Giriş yap text kontrolü
2022-02-19 19:54:25 INFO  Log4j:11 - Test is Starting...
2022-02-19 19:54:25 INFO  Log4j:21 - Hopi icon görüntülendi
2022-02-19 19:54:47 INFO  Log4j:21 - Ana sayfada giriş yap buttonuna tıklandı
2022-02-19 19:54:47 INFO  Log4j:21 - Giriş yap text kontrolü
2022-02-19 20:17:46 INFO  Log4j:11 - Test is Starting...
2022-02-19 20:17:46 INFO  Log4j:21 - Hopi icon görüntülendi
2022-02-19 20:18:29 INFO  Log4j:21 - Ana sayfada giriş yap buttonuna tıklandı
2022-02-19 20:19:29 INFO  Log4j:21 - Element click functionProxy element for: DefaultElementLocator 'By.xpath: //a[@class="btn btn-fourth1"]'
2022-02-19 20:19:36 INFO  Log4j:11 - Test is Starting...
2022-02-19 20:19:36 INFO  Log4j:21 - Hopi icon görüntülendi
2022-02-19 20:20:18 INFO  Log4j:21 - Ana sayfada giriş yap buttonuna tıklandı
2022-02-19 20:21:18 INFO  Log4j:21 - Element click functionProxy element for: DefaultElementLocator 'By.xpath: //a[@class="btn btn-fourth1"]'
2022-02-19 20:31:27 INFO  Log4j:11 - Test is Starting...
2022-02-19 20:31:27 INFO  Log4j:21 - Hopi icon görüntülendi
2022-02-19 20:31:30 INFO  Log4j:21 - Ana sayfada giriş yap buttonuna tıklandı
2022-02-19 20:31:31 INFO  Log4j:21 - Giriş yap text kontrolü
2022-02-19 20:31:38 INFO  Log4j:11 - Test is Starting...
2022-02-19 20:31:38 INFO  Log4j:21 - Hopi icon görüntülendi
2022-02-19 20:31:41 INFO  Log4j:21 - Ana sayfada giriş yap buttonuna tıklandı
2022-02-19 20:31:41 INFO  Log4j:21 - Giriş yap text kontrolü
